--------- beginning of main
04-23 22:20:18.538 10640 10663 D LAB_A11Y_VERBOSE: printToLog:
04-23 22:20:18.538 10640 10663 D LAB_A11Y_VERBOSE: Printing with useUnmergedTree = 'true'
04-23 22:20:18.538 10640 10663 D LAB_A11Y_VERBOSE: Node #1 at (l=0.0, t=0.0, r=904.0, b=2316.0)px
04-23 22:20:18.538 10640 10663 D LAB_A11Y_VERBOSE:  |-Node #2 at (l=0.0, t=0.0, r=904.0, b=2316.0)px
04-23 22:20:18.538 10640 10663 D LAB_A11Y_VERBOSE:    IsTraversalGroup = 'true'
04-23 22:20:18.538 10640 10663 D LAB_A11Y_VERBOSE:     |-Node #3 at (l=0.0, t=0.0, r=904.0, b=2316.0)px
04-23 22:20:18.538 10640 10663 D LAB_A11Y_VERBOSE:       IsTraversalGroup = 'true'
04-23 22:20:18.538 10640 10663 D LAB_A11Y_VERBOSE:       VerticalScrollAxisRange = 'ScrollAxisRange(value=0.0, maxValue=2394.0, reverseScrolling=false)'
04-23 22:20:18.538 10640 10663 D LAB_A11Y_VERBOSE:       Actions = [ScrollBy, ScrollByOffset]
04-23 22:20:18.538 10640 10663 D LAB_A11Y_VERBOSE:        |-Node #6 at (l=42.0, t=147.0, r=862.0, b=315.0)px
04-23 22:20:18.538 10640 10663 D LAB_A11Y_VERBOSE:        | Text = '[Barreira 1: Rótulos de elementos]'
04-23 22:20:18.538 10640 10663 D LAB_A11Y_VERBOSE:        | Actions = [SetTextSubstitution, ShowTextSubstitution, ClearTextSubstitution, GetTextLayoutResult]
04-23 22:20:18.538 10640 10663 D LAB_A11Y_VERBOSE:        |-Node #7 at (l=42.0, t=336.0, r=484.0, b=399.0)px
04-23 22:20:18.538 10640 10663 D LAB_A11Y_VERBOSE:        | Text = '[O rótulo antes (Falha):]'
04-23 22:20:18.538 10640 10663 D LAB_A11Y_VERBOSE:        | Actions = [SetTextSubstitution, ShowTextSubstitution, ClearTextSubstitution, GetTextLayoutResult]
04-23 22:20:18.538 10640 10663 D LAB_A11Y_VERBOSE:        |-Node #8 at (l=53.0, t=410.0, r=158.0, b=515.0)px
04-23 22:20:18.538 10640 10663 D LAB_A11Y_VERBOSE:        | Role = 'Button'
04-23 22:20:18.538 10640 10663 D LAB_A11Y_VERBOSE:        | Focused = 'false'
04-23 22:20:18.538 10640 10663 D LAB_A11Y_VERBOSE:        | Actions = [OnClick, RequestFocus]
04-23 22:20:18.538 10640 10663 D LAB_A11Y_VERBOSE:        | MergeDescendants = 'true'
04-23 22:20:18.538 10640 10663 D LAB_A11Y_VERBOSE:        |-Node #10 at (l=42.0, t=546.0, r=569.0, b=609.0)px
04-23 22:20:18.538 10640 10663 D LAB_A11Y_VERBOSE:        | Text = '[O rótulo depois (Sucesso):]'
04-23 22:20:18.538 10640 10663 D LAB_A11Y_VERBOSE:        | Actions = [SetTextSubstitution, ShowTextSubstitution, ClearTextSubstitution, GetTextLayoutResult]
04-23 22:20:18.538 10640 10663 D LAB_A11Y_VERBOSE:        |-Node #11 at (l=53.0, t=620.0, r=158.0, b=725.0)px
04-23 22:20:18.538 10640 10663 D LAB_A11Y_VERBOSE:        | Role = 'Button'
04-23 22:20:18.538 10640 10663 D LAB_A11Y_VERBOSE:        | Focused = 'false'
04-23 22:20:18.538 10640 10663 D LAB_A11Y_VERBOSE:        | Actions = [OnClick, RequestFocus]
04-23 22:20:18.538 10640 10663 D LAB_A11Y_VERBOSE:        | MergeDescendants = 'true'
04-23 22:20:18.538 10640 10663 D LAB_A11Y_VERBOSE:        |  |-Node #12 at (l=74.0, t=641.0, r=137.0, b=704.0)px
04-23 22:20:18.538 10640 10663 D LAB_A11Y_VERBOSE:        |    ContentDescription = '[Notificações]'
04-23 22:20:18.538 10640 10663 D LAB_A11Y_VERBOSE:        |    Role = 'Image'
04-23 22:20:18.538 10640 10663 D LAB_A11Y_VERBOSE:        |-Node #15 at (l=42.0, t=864.0, r=862.0, b=1032.0)px
04-23 22:20:18.538 10640 10663 D LAB_A11Y_VERBOSE:        | Text = '[Barreira 2: Omissão e Descrição de Estado (State)]'
04-23 22:20:18.538 10640 10663 D LAB_A11Y_VERBOSE:        | Actions = [SetTextSubstitution, ShowTextSubstitution, ClearTextSubstitution, GetTextLayoutResult]
04-23 22:20:18.538 10640 10663 D LAB_A11Y_VERBOSE:        |-Node #16 at (l=42.0, t=1074.0, r=505.0, b=1137.0)px
04-23 22:20:18.538 10640 10663 D LAB_A11Y_VERBOSE:        | Text = '[O estado antes (Falha):]'
04-23 22:20:18.538 10640 10663 D LAB_A11Y_VERBOSE:        | Actions = [SetTextSubstitution, ShowTextSubstitution, ClearTextSubstitution, GetTextLayoutResult]
04-23 22:20:18.538 10640 10663 D LAB_A11Y_VERBOSE:        |-Node #17 at (l=42.0, t=1137.0, r=862.0, b=1242.0)px
04-23 22:20:18.538 10640 10663 D LAB_A11Y_VERBOSE:        | Focused = 'false'
04-23 22:20:18.538 10640 10663 D LAB_A11Y_VERBOSE:        | Actions = [OnClick, RequestFocus]
04-23 22:20:18.538 10640 10663 D LAB_A11Y_VERBOSE:        | MergeDescendants = 'true'
04-23 22:20:18.538 10640 10663 D LAB_A11Y_VERBOSE:        |  |-Node #18 at (l=63.0, t=1158.0, r=338.0, b=1221.0)px
04-23 22:20:18.538 10640 10663 D LAB_A11Y_VERBOSE:        |    Text = '[Favoritar item]'
04-23 22:20:18.538 10640 10663 D LAB_A11Y_VERBOSE:        |    Actions = [SetTextSubstitution, ShowTextSubstitution, ClearTextSubstitution, GetTextLayoutResult]
04-23 22:20:18.538 10640 10663 D LAB_A11Y_VERBOSE:        |-Node #22 at (l=42.0, t=1284.0, r=459.0, b=1347.0)px
04-23 22:20:18.538 10640 10663 D LAB_A11Y_VERBOSE:        | Text = '[O DEPOIS (Sucesso):]'
04-23 22:20:18.538 10640 10663 D LAB_A11Y_VERBOSE:        | Actions = [SetTextSubstitution, ShowTextSubstitution, ClearTextSubstitution, GetTextLayoutResult]
04-23 22:20:18.538 10640 10663 D LAB_A11Y_VERBOSE:        |-Node #23 at (l=42.0, t=1368.0, r=862.0, b=1473.0)px
04-23 22:20:18.538 10640 10663 D LAB_A11Y_VERBOSE:        | StateDescription = 'Item não favoritado'
04-23 22:20:18.538 10640 10663 D LAB_A11Y_VERBOSE:        | Focused = 'false'
04-23 22:20:18.538 10640 10663 D LAB_A11Y_VERBOSE:        | ToggleableState = 'Off'
04-23 22:20:18.538 10640 10663 D LAB_A11Y_VERBOSE:        | Actions = [OnClick, RequestFocus]
04-23 22:20:18.538 10640 10663 D LAB_A11Y_VERBOSE:        | MergeDescendants = 'true'
04-23 22:20:18.538 10640 10663 D LAB_A11Y_VERBOSE:        |  |-Node #24 at (l=63.0, t=1389.0, r=239.0, b=1452.0)px
04-23 22:20:18.538 10640 10663 D LAB_A11Y_VERBOSE:        |    Text = '[Favoritar]'
04-23 22:20:18.538 10640 10663 D LAB_A11Y_VERBOSE:        |    Actions = [SetTextSubstitution, ShowTextSubstitution, ClearTextSubstitution, GetTextLayoutResult]
04-23 22:20:18.538 10640 10663 D LAB_A11Y_VERBOSE:        |-Node #29 at (l=42.0, t=1602.0, r=862.0, b=1770.0)px
04-23 22:20:18.538 10640 10663 D LAB_A11Y_VERBOSE:        | Text = '[Barreira 3: Elementos sem Função Especificada]'
04-23 22:20:18.538 10640 10663 D LAB_A11Y_VERBOSE:        | [Heading]
04-23 22:20:18.538 10640 10663 D LAB_A11Y_VERBOSE:        | Actions = [SetTextSubstitution, ShowTextSubstitution, ClearTextSubstitution, GetTextLayoutResult]
04-23 22:20:18.538 10640 10663 D LAB_A11Y_VERBOSE:        |-Node #30 at (l=42.0, t=1770.0, r=574.0, b=1833.0)px
04-23 22:20:18.538 10640 10663 D LAB_A11Y_VERBOSE:        | Text = '[O antes sem papel (Falha):]'
04-23 22:20:18.538 10640 10663 D LAB_A11Y_VERBOSE:        | Actions = [SetTextSubstitution, ShowTextSubstitution, ClearTextSubstitution, GetTextLayoutResult]
04-23 22:20:18.538 10640 10663 D LAB_A11Y_VERBOSE:        |-Node #31 at (l=42.0, t=1854.0, r=862.0, b=1959.0)px
04-23 22:20:18.538 10640 10663 D LAB_A11Y_VERBOSE:        | StateDescription = 'Item não favoritado'
04-23 22:20:18.538 10640 10663 D LAB_A11Y_VERBOSE:        | Focused = 'false'
04-23 22:20:18.538 10640 10663 D LAB_A11Y_VERBOSE:        | ToggleableState = 'Off'
04-23 22:20:18.538 10640 10663 D LAB_A11Y_VERBOSE:        | Actions = [OnClick, RequestFocus]
04-23 22:20:18.538 10640 10663 D LAB_A11Y_VERBOSE:        | MergeDescendants = 'true'
04-23 22:20:18.538 10640 10663 D LAB_A11Y_VERBOSE:        |  |-Node #32 at (l=63.0, t=1875.0, r=239.0, b=1938.0)px
04-23 22:20:18.538 10640 10663 D LAB_A11Y_VERBOSE:        |    Text = '[Favoritar]'
04-23 22:20:18.538 10640 10663 D LAB_A11Y_VERBOSE:        |    Actions = [SetTextSubstitution, ShowTextSubstitution, ClearTextSubstitution, GetTextLayoutResult]
04-23 22:20:18.538 10640 10663 D LAB_A11Y_VERBOSE:        |-Node #36 at (l=42.0, t=2001.0, r=678.0, b=2064.0)px
04-23 22:20:18.538 10640 10663 D LAB_A11Y_VERBOSE:        | Text = '[O DEPOIS com papel (Sucesso):]'
04-23 22:20:18.538 10640 10663 D LAB_A11Y_VERBOSE:        | Actions = [SetTextSubstitution, ShowTextSubstitution, ClearTextSubstitution, GetTextLayoutResult]
04-23 22:20:18.538 10640 10663 D LAB_A11Y_VERBOSE:        |-Node #37 at (l=42.0, t=2085.0, r=862.0, b=2190.0)px
04-23 22:20:18.538 10640 10663 D LAB_A11Y_VERBOSE:        | StateDescription = 'Item não favoritado'
04-23 22:20:18.538 10640 10663 D LAB_A11Y_VERBOSE:        | Role = 'Button'
04-23 22:20:18.538 10640 10663 D LAB_A11Y_VERBOSE:        | Focused = 'false'
04-23 22:20:18.538 10640 10663 D LAB_A11Y_VERBOSE:        | ToggleableState = 'Off'
04-23 22:20:18.538 10640 10663 D LAB_A11Y_VERBOSE:        | Actions = [OnClick, RequestFocus]
04-23 22:20:18.538 10640 10663 D LAB_A11Y_VERBOSE:        | MergeDescendants = 'true'
04-23 22:20:18.538 10640 10663 D LAB_A11Y_VERBOSE:        |  |-Node #38 at (l=63.0, t=2106.0, r=239.0, b=2169.0)px
04-23 22:20:18.538 10640 10663 D LAB_A11Y_VERBOSE:        |    Text = '[Favoritar]'
04-23 22:20:18.538 10640 10663 D LAB_A11Y_VERBOSE:        |    Actions = [SetTextSubstitution, ShowTextSubstitution, ClearTextSubstitution, GetTextLayoutResult]
04-23 22:20:18.538 10640 10663 D LAB_A11Y_VERBOSE:        |-Node #43 at (l=42.0, t=2319.0, r=862.0, b=2571.0)px
04-23 22:20:18.538 10640 10663 D LAB_A11Y_VERBOSE:        | Text = '[Barreira 4: Falta de Agrupamento de Elementos Relacionados]'
04-23 22:20:18.538 10640 10663 D LAB_A11Y_VERBOSE:        | [Heading]
04-23 22:20:18.538 10640 10663 D LAB_A11Y_VERBOSE:        | Actions = [SetTextSubstitution, ShowTextSubstitution, ClearTextSubstitution, GetTextLayoutResult]
04-23 22:20:18.538 10640 10663 D LAB_A11Y_VERBOSE:        |-Node #44 at (l=42.0, t=2571.0, r=729.0, b=2634.0)px
04-23 22:20:18.538 10640 10663 D LAB_A11Y_VERBOSE:        | Text = '[O antes sem agrupamento (Falha):]'
04-23 22:20:18.538 10640 10663 D LAB_A11Y_VERBOSE:        | Actions = [SetTextSubstitution, ShowTextSubstitution, ClearTextSubstitution, GetTextLayoutResult]
04-23 22:20:18.538 10640 10663 D LAB_A11Y_VERBOSE:        |-Node #46 at (l=42.0, t=2655.0, r=437.0, b=2718.0)px
04-23 22:20:18.538 10640 10663 D LAB_A11Y_VERBOSE:        | Text = '[Preço do produto A:]'
04-23 22:20:18.538 10640 10663 D LAB_A11Y_VERBOSE:        | Actions = [SetTextSubstitution, ShowTextSubstitution, ClearTextSubstitution, GetTextLayoutResult]
04-23 22:20:18.538 10640 10663 D LAB_A11Y_VERBOSE:        |-Node #47 at (l=42.0, t=2718.0, r=205.0, b=2781.0)px
04-23 22:20:18.538 10640 10663 D LAB_A11Y_VERBOSE:        | Text = '[R$55,00]'
04-23 22:20:18.538 10640 10663 D LAB_A11Y_VERBOSE:        | Actions = [SetTextSubstitution, ShowTextSubstitution, ClearTextSubstitution, GetTextLayoutResult]
04-23 22:20:18.538 10640 10663 D LAB_A11Y_VERBOSE:        |-Node #49 at (l=42.0, t=2834.0, r=642.0, b=2897.0)px
04-23 22:20:18.538 10640 10663 D LAB_A11Y_VERBOSE:        | Text = '[O depois agrupado (Sucesso):]'
04-23 22:20:18.538 10640 10663 D LAB_A11Y_VERBOSE:        | Actions = [SetTextSubstitution, ShowTextSubstitution, ClearTextSubstitution, GetTextLayoutResult]
04-23 22:20:18.538 10640 10663 D LAB_A11Y_VERBOSE:        |-Node #50 at (l=42.0, t=2939.0, r=425.0, b=3065.0)px
04-23 22:20:18.538 10640 10663 D LAB_A11Y_VERBOSE:        | MergeDescendants = 'true'
04-23 22:20:18.538 10640 10663 D LAB_A11Y_VERBOSE:        |  |-Node #51 at (l=42.0, t=2939.0, r=425.0, b=3002.0)px
04-23 22:20:18.538 10640 10663 D LAB_A11Y_VERBOSE:        |  | Text = '[Preço do produto B]'
04-23 22:20:18.538 10640 10663 D LAB_A11Y_VERBOSE:        |  | Actions = [SetTextSubstitution, ShowTextSubstitution, ClearTextSubstitution, GetTextLayoutResult]
04-23 22:20:18.538 10640 10663 D LAB_A11Y_VERBOSE:        |  |-Node #52 at (l=42.0, t=3002.0, r=205.0, b=3065.0)px
04-23 22:20:18.538 10640 10663 D LAB_A11Y_VERBOSE:        |    Text = '[R$65,00]'
04-23 22:20:18.538 10640 10663 D LAB_A11Y_VERBOSE:        |    Actions = [SetTextSubstitution, ShowTextSubstitution, ClearTextSubstitution, GetTextLayoutResult]
04-23 22:20:18.538 10640 10663 D LAB_A11Y_VERBOSE:        |-Node #55 at (l=42.0, t=3194.0, r=862.0, b=3446.0)px
04-23 22:20:18.538 10640 10663 D LAB_A11Y_VERBOSE:        | Text = '[Barreira 5: gestos específicos e Agrupamento que Impede Interação]'
04-23 22:20:18.538 10640 10663 D LAB_A11Y_VERBOSE:        | [Heading]
04-23 22:20:18.538 10640 10663 D LAB_A11Y_VERBOSE:        | Actions = [SetTextSubstitution, ShowTextSubstitution, ClearTextSubstitution, GetTextLayoutResult]
04-23 22:20:18.538 10640 10663 D LAB_A11Y_VERBOSE:        |-Node #56 at (l=42.0, t=3488.0, r=624.0, b=3551.0)px
04-23 22:20:18.538 10640 10663 D LAB_A11Y_VERBOSE:        | Text = '[O antes fragmentado (Falha):]'
04-23 22:20:18.538 10640 10663 D LAB_A11Y_VERBOSE:        | Actions = [SetTextSubstitution, ShowTextSubstitution, ClearTextSubstitution, GetTextLayoutResult]
04-23 22:20:18.538 10640 10663 D LAB_A11Y_VERBOSE:        |-Node #57 at (l=42.0, t=3551.0, r=862.0, b=3761.0)px
04-23 22:20:18.538 10640 10663 D LAB_A11Y_VERBOSE:        | IsTraversalGroup = 'true'
04-23 22:20:18.538 10640 10663 D LAB_A11Y_VERBOSE:        |  |-Node #60 at (l=84.0, t=3625.0, r=568.0, b=3688.0)px
04-23 22:20:18.538 10640 10663 D LAB_A11Y_VERBOSE:        |  | Text = '[Produto A]'
04-23 22:20:18.538 10640 10663 D LAB_A11Y_VERBOSE:        |  | Actions = [SetTextSubstitution, ShowTextSubstitution, ClearTextSubstitution, GetTextLayoutResult]
04-23 22:20:18.538 10640 10663 D LAB_A11Y_VERBOSE:        |  |-Node #61 at (l=579.0, t=3604.0, r=684.0, b=3709.0)px
04-23 22:20:18.538 10640 10663 D LAB_A11Y_VERBOSE:        |  | Role = 'Button'
04-23 22:20:18.538 10640 10663 D LAB_A11Y_VERBOSE:        |  | Focused = 'false'
04-23 22:20:18.538 10640 10663 D LAB_A11Y_VERBOSE:        |  | Actions = [OnClick, RequestFocus]
04-23 22:20:18.538 10640 10663 D LAB_A11Y_VERBOSE:        |  | MergeDescendants = 'true'
04-23 22:20:18.538 10640 10663 D LAB_A11Y_VERBOSE:        |  |  |-Node #62 at (l=600.0, t=3625.0, r=663.0, b=3688.0)px
04-23 22:20:18.538 10640 10663 D LAB_A11Y_VERBOSE:        |  |    ContentDescription = '[Favoritar]'
04-23 22:20:18.538 10640 10663 D LAB_A11Y_VERBOSE:        |  |    Role = 'Image'
04-23 22:20:18.538 10640 10663 D LAB_A11Y_VERBOSE:        |  |-Node #63 at (l=705.0, t=3604.0, r=810.0, b=3709.0)px
04-23 22:20:18.538 10640 10663 D LAB_A11Y_VERBOSE:        |    Role = 'Button'
04-23 22:20:18.538 10640 10663 D LAB_A11Y_VERBOSE:        |    Focused = 'false'
04-23 22:20:18.538 10640 10663 D LAB_A11Y_VERBOSE:        |    Actions = [OnClick, RequestFocus]
04-23 22:20:18.538 10640 10663 D LAB_A11Y_VERBOSE:        |    MergeDescendants = 'true'
04-23 22:20:18.538 10640 10663 D LAB_A11Y_VERBOSE:        |     |-Node #64 at (l=726.0, t=3625.0, r=789.0, b=3688.0)px
04-23 22:20:18.538 10640 10663 D LAB_A11Y_VERBOSE:        |       ContentDescription = '[Configurar produto]'
04-23 22:20:18.538 10640 10663 D LAB_A11Y_VERBOSE:        |       Role = 'Image'
04-23 22:20:18.538 10640 10663 D LAB_A11Y_VERBOSE:        |-Node #66 at (l=42.0, t=3814.0, r=862.0, b=3940.0)px
04-23 22:20:18.538 10640 10663 D LAB_A11Y_VERBOSE:        | Text = '[Agrupamento que impede a interação individual (Falha):]'
04-23 22:20:18.538 10640 10663 D LAB_A11Y_VERBOSE:        | Actions = [SetTextSubstitution, ShowTextSubstitution, ClearTextSubstitution, GetTextLayoutResult]
04-23 22:20:18.538 10640 10663 D LAB_A11Y_VERBOSE:        |-Node #69 at (l=42.0, t=3940.0, r=862.0, b=4129.0)px
04-23 22:20:18.538 10640 10663 D LAB_A11Y_VERBOSE:        | Focused = 'false'
04-23 22:20:18.538 10640 10663 D LAB_A11Y_VERBOSE:        | Actions = [OnClick, RequestFocus]
04-23 22:20:18.538 10640 10663 D LAB_A11Y_VERBOSE:        | MergeDescendants = 'true'
04-23 22:20:18.538 10640 10663 D LAB_A11Y_VERBOSE:        |  |-Node #70 at (l=84.0, t=4003.0, r=589.0, b=4066.0)px
04-23 22:20:18.538 10640 10663 D LAB_A11Y_VERBOSE:        |  | Text = '[Smartphone X]'
04-23 22:20:18.538 10640 10663 D LAB_A11Y_VERBOSE:        |  | Actions = [SetTextSubstitution, ShowTextSubstitution, ClearTextSubstitution, GetTextLayoutResult]
04-23 22:20:18.538 10640 10663 D LAB_A11Y_VERBOSE:        |  |-Node #71 at (l=589.0, t=3982.0, r=694.0, b=4087.0)px
04-23 22:20:18.538 10640 10663 D LAB_A11Y_VERBOSE:        |  | ContentDescription = '[Favoritar]'
04-23 22:20:18.538 10640 10663 D LAB_A11Y_VERBOSE:        |  | Role = 'Image'
04-23 22:20:18.538 10640 10663 D LAB_A11Y_VERBOSE:        |  |-Node #73 at (l=715.0, t=3982.0, r=820.0, b=4087.0)px
04-23 22:20:18.538 10640 10663 D LAB_A11Y_VERBOSE:        |    ContentDescription = '[Configurar]'
04-23 22:20:18.538 10640 10663 D LAB_A11Y_VERBOSE:        |    Role = 'Image'
04-23 22:20:18.538 10640 10663 D LAB_A11Y_VERBOSE:        |-Node #75 at (l=42.0, t=4182.0, r=862.0, b=4308.0)px
04-23 22:20:18.538 10640 10663 D LAB_A11Y_VERBOSE:        | Text = '[O depois com ações personalizadas (Sucesso):]'
04-23 22:20:18.538 10640 10663 D LAB_A11Y_VERBOSE:        | Actions = [SetTextSubstitution, ShowTextSubstitution, ClearTextSubstitution, GetTextLayoutResult]
04-23 22:20:18.538 10640 10663 D LAB_A11Y_VERBOSE:        |-Node #76 at (l=42.0, t=4308.0, r=862.0, b=4518.0)px
04-23 22:20:18.538 10640 10663 D LAB_A11Y_VERBOSE:          IsTraversalGroup = 'true'
04-23 22:20:18.538 10640 10663 D LAB_A11Y_VERBOSE:           |-Node #78 at (l=84.0, t=4350.0, r=820.0, b=4476.0)px
04-23 22:20:18.538 10640 10663 D LAB_A11Y_VERBOSE:             CustomActions = '[CustomAccessibilityAction(label=Favoritar, action=br.com.accessibleandroid.laba11yandroid.MainActivityKt$ExperimentoAcoesPersonalizadas$1$4$$ExternalSyntheticLambda5@fee21a0), CustomAccessibilityAction(label=Configurar produto, action=br.com.accessibleandroid.laba11yandroid.MainActivityKt$ExperimentoAcoesPersonalizadas$1$4$$ExternalSyntheticLambda6@8634159)]'
04-23 22:20:18.538 10640 10663 D LAB_A11Y_VERBOSE:             MergeDescendants = 'true'
04-23 22:20:18.538 10640 10663 D LAB_A11Y_VERBOSE:              |-Node #79 at (l=84.0, t=4382.0, r=568.0, b=4445.0)px
04-23 22:20:18.538 10640 10663 D LAB_A11Y_VERBOSE:              | Text = '[Produto B (Acessível)]'
04-23 22:20:18.538 10640 10663 D LAB_A11Y_VERBOSE:              | Actions = [SetTextSubstitution, ShowTextSubstitution, ClearTextSubstitution, GetTextLayoutResult]
04-23 22:20:18.538 10640 10663 D LAB_A11Y_VERBOSE:              |-Node #80 at (l=579.0, t=4361.0, r=684.0, b=4466.0)px
04-23 22:20:18.538 10640 10663 D LAB_A11Y_VERBOSE:              | ClearAndSetSemantics = 'true'
04-23 22:20:18.538 10640 10663 D LAB_A11Y_VERBOSE:              |-Node #82 at (l=705.0, t=4361.0, r=810.0, b=4466.0)px
04-23 22:20:18.538 10640 10663 D LAB_A11Y_VERBOSE:                ClearAndSetSemantics = 'true'
